<?xml version="1.0" encoding="UTF-8"?>
<!-- Generated by org.testng.reporters.JUnitXMLReporter -->
<testsuite hostname="2016-20170509XS" ignored="4" name="Default test" tests="1" failures="0" timestamp="08 九月 2017 05:35:30 GMT" time="0.022" errors="0">
  <testcase name="analysisData" time="0.008" classname="com.icarbonx.testcase.test"/>
  <testcase name="analysisExcel" time="0.0" classname="com.icarbonx.testcase.test">
    <ignored/>
  </testcase> <!-- analysisExcel -->
  <testcase name="getNutritional" time="0.0" classname="com.icarbonx.testcase.test">
    <ignored/>
  </testcase> <!-- getNutritional -->
  <testcase name="getSearchResult" time="0.0" classname="com.icarbonx.testcase.test">
    <ignored/>
  </testcase> <!-- getSearchResult -->
  <testcase name="longAnaly" time="0.0" classname="com.icarbonx.testcase.test">
    <ignored/>
  </testcase> <!-- longAnaly -->
</testsuite> <!-- Default test -->
