<?xml version="1.0" encoding="UTF-8"?>
<!-- Generated by org.testng.reporters.JUnitXMLReporter -->
<testsuite hostname="2016-20170509XS" ignored="4" tests="0" failures="0" timestamp="08 九月 2017 09:03:22 GMT" time="0.004" errors="0">
  <testcase name="getNutritional" time="0.0" classname="com.icarbonx.kujing.testcase">
    <ignored/>
  </testcase> <!-- getNutritional -->
  <testcase name="getSearchResult" time="0.0" classname="com.icarbonx.kujing.testcase">
    <ignored/>
  </testcase> <!-- getSearchResult -->
  <testcase name="analysisExcel" time="0.0" classname="com.icarbonx.kujing.testcase">
    <ignored/>
  </testcase> <!-- analysisExcel -->
  <testcase name="analysisData" time="0.0" classname="com.icarbonx.kujing.testcase">
    <ignored/>
  </testcase> <!-- analysisData -->
</testsuite>
