<?xml version="1.0" encoding="UTF-8"?>
<!-- Generated by org.testng.reporters.JUnitXMLReporter -->
<testsuite hostname="2016-20170509XS" ignored="4" name="Test" tests="1" failures="0" timestamp="13 九月 2017 09:12:16 GMT" time="0.017" errors="0">
  <testcase name="test" time="0.006" classname="com.icarbonx.kujing.testcase"/>
  <testcase name="getNutritional" time="0.0" classname="com.icarbonx.kujing.testcase">
    <ignored/>
  </testcase> <!-- getNutritional -->
  <testcase name="getSearchResult" time="0.0" classname="com.icarbonx.kujing.testcase">
    <ignored/>
  </testcase> <!-- getSearchResult -->
  <testcase name="analysisExcel" time="0.0" classname="com.icarbonx.kujing.testcase">
    <ignored/>
  </testcase> <!-- analysisExcel -->
  <testcase name="analysisData" time="0.0" classname="com.icarbonx.kujing.testcase">
    <ignored/>
  </testcase> <!-- analysisData -->
</testsuite> <!-- Test -->
