<?xml version="1.0" encoding="UTF-8"?>
<!-- Generated by org.testng.reporters.JUnitXMLReporter -->
<testsuite hostname="LAPTOP-IUO3EBTC" ignored="4" name="Test" tests="1" failures="0" timestamp="06 Dec 2017 08:50:45 GMT" time="0.03" errors="0">
  <testcase name="test" time="0.009" classname="com.icarbonx.kujing.testcase"/>
  <testcase name="getNutritional" time="0.0" classname="com.icarbonx.kujing.testcase">
    <ignored/>
  </testcase> <!-- getNutritional -->
  <testcase name="getSearchResult" time="0.0" classname="com.icarbonx.kujing.testcase">
    <ignored/>
  </testcase> <!-- getSearchResult -->
  <testcase name="analysisExcel" time="0.0" classname="com.icarbonx.kujing.testcase">
    <ignored/>
  </testcase> <!-- analysisExcel -->
  <testcase name="analysisData" time="0.0" classname="com.icarbonx.kujing.testcase">
    <ignored/>
  </testcase> <!-- analysisData -->
</testsuite> <!-- Test -->
