<?xml version="1.0" encoding="UTF-8"?>
<testng-results skipped="0" failed="0" ignored="4" total="5" passed="1">
  <reporter-output>
  </reporter-output>
  <suite name="Suite" duration-ms="17" started-at="2017-09-13T09:12:16Z" finished-at="2017-09-13T09:12:16Z">
    <groups>
    </groups>
    <test name="Test" duration-ms="17" started-at="2017-09-13T09:12:16Z" finished-at="2017-09-13T09:12:16Z">
      <class name="com.icarbonx.kujing.testcase">
        <test-method status="PASS" signature="test()[pri:0, instance:com.icarbonx.kujing.testcase@7d417077]" name="test" duration-ms="6" started-at="2017-09-13T17:12:16Z" finished-at="2017-09-13T17:12:16Z">
          <reporter-output>
          </reporter-output>
        </test-method> <!-- test -->
      </class> <!-- com.icarbonx.kujing.testcase -->
    </test> <!-- Test -->
  </suite> <!-- Suite -->
</testng-results>
