<?xml version="1.0" encoding="UTF-8"?>
<testng-results skipped="0" failed="0" ignored="4" total="5" passed="1">
  <reporter-output>
  </reporter-output>
  <suite name="Default suite" duration-ms="22" started-at="2017-09-08T05:35:30Z" finished-at="2017-09-08T05:35:30Z">
    <groups>
    </groups>
    <test name="Default test" duration-ms="22" started-at="2017-09-08T05:35:30Z" finished-at="2017-09-08T05:35:30Z">
      <class name="com.icarbonx.testcase.test">
        <test-method status="PASS" signature="analysisData()[pri:0, instance:com.icarbonx.testcase.test@7f9a81e8]" name="analysisData" duration-ms="8" started-at="2017-09-08T13:35:30Z" finished-at="2017-09-08T13:35:30Z">
          <reporter-output>
          </reporter-output>
        </test-method> <!-- analysisData -->
      </class> <!-- com.icarbonx.testcase.test -->
    </test> <!-- Default test -->
  </suite> <!-- Default suite -->
</testng-results>
